<?xml version="1.0" encoding="UTF-8"?>
<!-- Generated by org.testng.reporters.JUnitReportReporter -->
<testsuite hostname="DESKTOP-7JIUER8" failures="0" tests="3" name="runners.TestRunner" time="82.743" errors="0" timestamp="2025-02-25T11:45:44 IST" skipped="0">
  <testcase classname="runners.TestRunner" name="runScenario" time="50.203"/>
  <testcase classname="runners.TestRunner" name="runScenario" time="5.408"/>
  <testcase classname="runners.TestRunner" name="runScenario" time="27.132"/>
</testsuite> <!-- runners.TestRunner -->
