<?xml version="1.0" encoding="UTF-8"?>
<!-- Generated by org.testng.reporters.JUnitReportReporter -->
<testsuite hostname="DESKTOP-7JIUER8" failures="0" tests="3" name="runners.TestRunner" time="39.709" errors="0" timestamp="2025-03-13T15:28:21 IST" skipped="0">
  <testcase classname="runners.TestRunner" name="runScenario" time="4.469"/>
  <testcase classname="runners.TestRunner" name="runScenario" time="6.701"/>
  <testcase classname="runners.TestRunner" name="runScenario" time="28.539"/>
</testsuite> <!-- runners.TestRunner -->
