<?xml version="1.0" encoding="UTF-8"?>
<!-- Generated by org.testng.reporters.JUnitReportReporter -->
<testsuite hostname="DESKTOP-7JIUER8" failures="0" tests="3" name="runners.TestRunner" time="35.848" errors="0" timestamp="2025-03-16T20:12:40 IST" skipped="0">
  <testcase classname="runners.TestRunner" name="runScenario" time="5.460"/>
  <testcase classname="runners.TestRunner" name="runScenario" time="3.597"/>
  <testcase classname="runners.TestRunner" name="runScenario" time="26.791"/>
</testsuite> <!-- runners.TestRunner -->
